0 verbose cli C:\Program Files\nodejs\node.exe C:\Users\pranjal\AppData\Roaming\npm\node_modules\npm\bin\npm-cli.js
1 info using npm@10.2.2
2 info using node@v20.9.0
3 timing npm:load:whichnode Completed in 7ms
4 timing config:load:defaults Completed in 19ms
5 timing config:load:file:C:\Users\pranjal\AppData\Roaming\npm\node_modules\npm\npmrc Completed in 7ms
6 timing config:load:builtin Completed in 8ms
7 timing config:load:cli Completed in 8ms
8 timing config:load:env Completed in 1ms
9 timing config:load:file:d:\Major project\client\.npmrc Completed in 1ms
10 timing config:load:project Completed in 7ms
11 timing config:load:file:C:\Users\pranjal\.npmrc Completed in 2ms
12 timing config:load:user Completed in 5ms
13 timing config:load:file:C:\Users\pranjal\AppData\Roaming\npm\etc\npmrc Completed in 0ms
14 timing config:load:global Completed in 2ms
15 timing config:load:setEnvs Completed in 5ms
16 timing config:load Completed in 57ms
17 timing npm:load:configload Completed in 58ms
18 timing config:load:flatten Completed in 10ms
19 timing npm:load:mkdirpcache Completed in 1ms
20 timing npm:load:mkdirplogs Completed in 0ms
21 verbose title npm view @testing-library/user-event description dist-tags.latest homepage version
22 verbose argv "view" "--json" "@testing-library/user-event" "description" "dist-tags.latest" "homepage" "version"
23 timing npm:load:setTitle Completed in 2ms
24 timing npm:load:display Completed in 2ms
25 verbose logfile logs-max:10 dir:d:\Major project\client\_logs\2023-11-02T11_19_18_012Z-
26 verbose logfile d:\Major project\client\_logs\2023-11-02T11_19_18_012Z-debug-0.log
27 timing npm:load:logFile Completed in 1631ms
28 timing npm:load:timers Completed in 0ms
29 timing npm:load:configScope Completed in 0ms
30 timing npm:load Completed in 1816ms
31 silly logfile done cleaning log files
32 http fetch GET 200 https://registry.npmjs.org/@testing-library%2fuser-event 1503ms (cache updated)
33 timing command:view Completed in 1605ms
34 verbose exit 0
35 timing npm Completed in 4120ms
36 info ok
